Using pre-set license
Built from '2020.3/staging' branch; Version is '2020.3.48f1 (b805b124c6b7) revision 12060081'; Using compiler version '192528614'; Build Type 'Release'
OS: 'Windows 11  (10.0.22631) 64bit Core' Language: 'es' Physical Memory: 16108 MB
BatchMode: 1, IsHumanControllingUs: 0, StartBugReporterOnCrash: 0, Is64bit: 1, IsPro: 0

COMMAND LINE ARGUMENTS:
C:\Program Files\Unity\Hub\Editor\2020.3.48f1\Editor\Unity.exe
-adb2
-batchMode
-noUpm
-name
AssetImportWorker0
-projectPath
C:/Universidad/Game Developer/El_Mundo_del_Espejo_Caos_y_Orden/El_Mundo_del_Espejo_Caos_y_Orden
-logFile
Logs/AssetImportWorker0.log
-srvPort
56252
Successfully changed project path to: C:/Universidad/Game Developer/El_Mundo_del_Espejo_Caos_y_Orden/El_Mundo_del_Espejo_Caos_y_Orden
C:/Universidad/Game Developer/El_Mundo_del_Espejo_Caos_y_Orden/El_Mundo_del_Espejo_Caos_y_Orden
Using Asset Import Pipeline V2.
Player connection [9932] Host "[IP] 10.254.30.195 [Port] 3221443104 [Flags] 2 [Guid] 3584723530 [EditorId] 3584723530 [Version] 1048832 [Id] WindowsEditor(7,LAPTOP-9UKE4HMU) [Debug] 1 [PackageName] WindowsEditor [ProjectName] Editor" joined multi-casting on [225.0.0.222:54997]...

Player connection [9932] Host "[IP] 10.254.30.195 [Port] 3221443104 [Flags] 2 [Guid] 3584723530 [EditorId] 3584723530 [Version] 1048832 [Id] WindowsEditor(7,LAPTOP-9UKE4HMU) [Debug] 1 [PackageName] WindowsEditor [ProjectName] Editor" joined alternative multi-casting on [225.0.0.222:34997]...

Refreshing native plugins compatible for Editor in 6.31 ms, found 1 plugins.
Preloading 0 native plugins for Editor in 0.00 ms.
Initialize engine version: 2020.3.48f1 (b805b124c6b7)
[Subsystems] Discovering subsystems at path C:/Program Files/Unity/Hub/Editor/2020.3.48f1/Editor/Data/Resources/UnitySubsystems
[Subsystems] Discovering subsystems at path C:/Universidad/Game Developer/El_Mundo_del_Espejo_Caos_y_Orden/El_Mundo_del_Espejo_Caos_y_Orden/Assets
GfxDevice: creating device client; threaded=0
Direct3D:
    Version:  Direct3D 11.0 [level 11.1]
    Renderer: NVIDIA GeForce RTX 3050 6GB Laptop GPU (ID=0x25ec)
    Vendor:   
    VRAM:     6017 MB
    Driver:   31.0.15.4683
Initialize mono
Mono path[0] = 'C:/Program Files/Unity/Hub/Editor/2020.3.48f1/Editor/Data/Managed'
Mono path[1] = 'C:/Program Files/Unity/Hub/Editor/2020.3.48f1/Editor/Data/MonoBleedingEdge/lib/mono/unityjit'
Mono config path = 'C:/Program Files/Unity/Hub/Editor/2020.3.48f1/Editor/Data/MonoBleedingEdge/etc'
Using monoOptions --debugger-agent=transport=dt_socket,embedding=1,server=y,suspend=n,address=127.0.0.1:56768
Begin MonoManager ReloadAssembly
Registering precompiled unity dll's ...
Register platform support module: C:/Program Files/Unity/Hub/Editor/2020.3.48f1/Editor/Data/PlaybackEngines/WindowsStandaloneSupport/UnityEditor.WindowsStandalone.Extensions.dll
Registered in 0.001149 seconds.
Native extension for WindowsStandalone target not found
Refreshing native plugins compatible for Editor in 7.62 ms, found 1 plugins.
Preloading 0 native plugins for Editor in 0.00 ms.
Mono: successfully reloaded assembly
- Completed reload, in  0.333 seconds
Domain Reload Profiling:
	ReloadAssembly (333ms)
		BeginReloadAssembly (43ms)
			ExecutionOrderSort (0ms)
			DisableScriptedObjects (0ms)
			BackupInstance (0ms)
			ReleaseScriptingObjects (0ms)
			CreateAndSetChildDomain (0ms)
		EndReloadAssembly (246ms)
			LoadAssemblies (41ms)
			RebuildTransferFunctionScriptingTraits (0ms)
			SetupTypeCache (84ms)
			ReleaseScriptCaches (0ms)
			RebuildScriptCaches (18ms)
			SetupLoadedEditorAssemblies (84ms)
				LogAssemblyErrors (0ms)
				InitializePlatformSupportModulesInManaged (3ms)
				SetLoadedEditorAssemblies (0ms)
				RefreshPlugins (8ms)
				BeforeProcessingInitializeOnLoad (10ms)
				ProcessInitializeOnLoadAttributes (47ms)
				ProcessInitializeOnLoadMethodAttributes (16ms)
				AfterProcessingInitializeOnLoad (0ms)
				EditorAssembliesLoaded (0ms)
			ExecutionOrderSort2 (0ms)
			AwakeInstancesAfterBackupRestoration (0ms)
Platform modules already initialized, skipping
Registering precompiled user dll's ...
Registered in 0.000268 seconds.
Begin MonoManager ReloadAssembly
Native extension for WindowsStandalone target not found
Refreshing native plugins compatible for Editor in 6.78 ms, found 1 plugins.
Preloading 0 native plugins for Editor in 0.00 ms.
Mono: successfully reloaded assembly
- Completed reload, in  0.463 seconds
Domain Reload Profiling:
	ReloadAssembly (464ms)
		BeginReloadAssembly (87ms)
			ExecutionOrderSort (0ms)
			DisableScriptedObjects (2ms)
			BackupInstance (0ms)
			ReleaseScriptingObjects (0ms)
			CreateAndSetChildDomain (12ms)
		EndReloadAssembly (338ms)
			LoadAssemblies (41ms)
			RebuildTransferFunctionScriptingTraits (0ms)
			SetupTypeCache (100ms)
			ReleaseScriptCaches (0ms)
			RebuildScriptCaches (18ms)
			SetupLoadedEditorAssemblies (111ms)
				LogAssemblyErrors (0ms)
				InitializePlatformSupportModulesInManaged (2ms)
				SetLoadedEditorAssemblies (0ms)
				RefreshPlugins (7ms)
				BeforeProcessingInitializeOnLoad (33ms)
				ProcessInitializeOnLoadAttributes (55ms)
				ProcessInitializeOnLoadMethodAttributes (10ms)
				AfterProcessingInitializeOnLoad (4ms)
				EditorAssembliesLoaded (0ms)
			ExecutionOrderSort2 (0ms)
			AwakeInstancesAfterBackupRestoration (1ms)
Platform modules already initialized, skipping
========================================================================
Worker process is ready to serve import requests
Launched and connected shader compiler UnityShaderCompiler.exe after 0.04 seconds
Refreshing native plugins compatible for Editor in 0.12 ms, found 1 plugins.
Preloading 0 native plugins for Editor in 0.00 ms.
Unloading 700 Unused Serialized files (Serialized files now loaded: 0)
System memory in use before: 52.4 MB.
System memory in use after: 52.4 MB.

Unloading 11 unused Assets to reduce memory usage. Loaded Objects now: 1141.
Total: 2.386600 ms (FindLiveObjects: 0.043600 ms CreateObjectMapping: 0.011700 ms MarkObjects: 2.286700 ms  DeleteObjects: 0.044000 ms)

AssetImportParameters requested are different than current active one (requested -> active):
  custom:framework-win-MediaFoundation: 216162199b28c13a410421893ffa2e32 -> 
  custom:video-decoder-ogg-theora: a1e56fd34408186e4bbccfd4996cb3dc -> 
  custom:container-muxer-webm: aa71ff27fc2769a1b78a27578f13a17b -> 
  custom:container-demuxer-webm: 4f35f7cbe854078d1ac9338744f61a02 -> 
  custom:container-demuxer-ogg: 62fdf1f143b41e24485cea50d1cbac27 -> 
  custom:video-encoder-webm-vp8: eb34c28f22e8b96e1ab97ce403110664 -> 
  custom:video-codec-MediaFoundation-h265: 746d11721c4dcdbdad8f713fa42b33f4 -> 
  custom:video-decoder-webm-vp8: 9c59270c3fd7afecdb556c50c9e8de78 -> 
  custom:audio-decoder-ogg-vorbis: bf7c407c2cedff20999df2af8eb42d56 -> 
  custom:audio-encoder-webm-vorbis: bf7c407c2cedff20999df2af8eb42d56 -> 
========================================================================
Received Import Request.
  path: Assets/Scenes
  artifactKey: Guid(6832faecb92ed5f44a52d3bf452e17c7) Importer(815301076,1909f56bfc062723c751e8b465ee728b)
Start importing Assets/Scenes using Guid(6832faecb92ed5f44a52d3bf452e17c7) Importer(815301076,1909f56bfc062723c751e8b465ee728b)  -> (artifact id: 'aaeb938cb7f2e695205e22a9b902749e') in 0.002648 seconds 
========================================================================
Received Import Request.
  Time since last request: 46.698848 seconds.
  path: Assets/01_Scenes
  artifactKey: Guid(6832faecb92ed5f44a52d3bf452e17c7) Importer(815301076,1909f56bfc062723c751e8b465ee728b)
Start importing Assets/01_Scenes using Guid(6832faecb92ed5f44a52d3bf452e17c7) Importer(815301076,1909f56bfc062723c751e8b465ee728b)  -> (artifact id: 'f17dab387f49ce4082f06c2baec1cf68') in 0.001516 seconds 
========================================================================
Received Import Request.
  Time since last request: 10.410045 seconds.
  path: Assets/00_Scenes
  artifactKey: Guid(6832faecb92ed5f44a52d3bf452e17c7) Importer(815301076,1909f56bfc062723c751e8b465ee728b)
Start importing Assets/00_Scenes using Guid(6832faecb92ed5f44a52d3bf452e17c7) Importer(815301076,1909f56bfc062723c751e8b465ee728b)  -> (artifact id: '091732c6402fdd0f9225b6ee062376ba') in 0.001785 seconds 
========================================================================
Received Import Request.
  Time since last request: 2.894580 seconds.
  path: Assets/01_
  artifactKey: Guid(e1a68aad6cdf2334daebfd56f3ed6973) Importer(815301076,1909f56bfc062723c751e8b465ee728b)
Start importing Assets/01_ using Guid(e1a68aad6cdf2334daebfd56f3ed6973) Importer(815301076,1909f56bfc062723c751e8b465ee728b)  -> (artifact id: '2dc352619a49ae21f2647e389fcbdb0b') in 0.004063 seconds 
========================================================================
Received Import Request.
  Time since last request: 5.349707 seconds.
  path: Assets/01_Scripts
  artifactKey: Guid(e1a68aad6cdf2334daebfd56f3ed6973) Importer(815301076,1909f56bfc062723c751e8b465ee728b)
Start importing Assets/01_Scripts using Guid(e1a68aad6cdf2334daebfd56f3ed6973) Importer(815301076,1909f56bfc062723c751e8b465ee728b)  -> (artifact id: 'ba34acef124601cd42a18bf2f3275cbe') in 0.001423 seconds 
========================================================================
Received Import Request.
  Time since last request: 15.776155 seconds.
  path: Assets
  artifactKey: Guid(00000000000000001000000000000000) Importer(815301076,1909f56bfc062723c751e8b465ee728b)
Start importing Assets using Guid(00000000000000001000000000000000) Importer(815301076,1909f56bfc062723c751e8b465ee728b)  -> (artifact id: '42d402b061de3733987d63b9cc3b64de') in 0.002021 seconds 
========================================================================
Received Import Request.
  Time since last request: 9.309049 seconds.
  path: Assets/02_Prefaps
  artifactKey: Guid(4b9cc721d58ef8a4a931ab1f0630533f) Importer(815301076,1909f56bfc062723c751e8b465ee728b)
Start importing Assets/02_Prefaps using Guid(4b9cc721d58ef8a4a931ab1f0630533f) Importer(815301076,1909f56bfc062723c751e8b465ee728b)  -> (artifact id: '61e362dbe6562b7ac42bb0058c883334') in 0.001695 seconds 
========================================================================
Received Import Request.
  Time since last request: 5.882657 seconds.
  path: Assets/02_Prefabs
  artifactKey: Guid(4b9cc721d58ef8a4a931ab1f0630533f) Importer(815301076,1909f56bfc062723c751e8b465ee728b)
Start importing Assets/02_Prefabs using Guid(4b9cc721d58ef8a4a931ab1f0630533f) Importer(815301076,1909f56bfc062723c751e8b465ee728b)  -> (artifact id: '92f5ab3e0c52d0ce80505af86e9547bd') in 0.001532 seconds 
========================================================================
Received Import Request.
  Time since last request: 8.038129 seconds.
  path: Assets/03_Sprites
  artifactKey: Guid(706a976846ba2b0489a4d14fbf33d9e8) Importer(815301076,1909f56bfc062723c751e8b465ee728b)
Start importing Assets/03_Sprites using Guid(706a976846ba2b0489a4d14fbf33d9e8) Importer(815301076,1909f56bfc062723c751e8b465ee728b)  -> (artifact id: '876e95d42e7ca373d3210ef52af65260') in 0.001398 seconds 
========================================================================
Received Import Request.
  Time since last request: 8.338795 seconds.
  path: Assets/04_Anim
  artifactKey: Guid(b2a77052005505844a0627ac033216f9) Importer(815301076,1909f56bfc062723c751e8b465ee728b)
Start importing Assets/04_Anim using Guid(b2a77052005505844a0627ac033216f9) Importer(815301076,1909f56bfc062723c751e8b465ee728b)  -> (artifact id: 'f22bb4094a3aa33697e13953d7b54975') in 0.001581 seconds 
========================================================================
Received Import Request.
  Time since last request: 71.077277 seconds.
  path: Assets/00_Scenes/SampleScene.unity
  artifactKey: Guid(2cda990e2423bbf4892e6590ba056729) Importer(815301076,1909f56bfc062723c751e8b465ee728b)
Start importing Assets/00_Scenes/SampleScene.unity using Guid(2cda990e2423bbf4892e6590ba056729) Importer(815301076,1909f56bfc062723c751e8b465ee728b)  -> (artifact id: '39830e642e86629427d938554181f2fd') in 0.001417 seconds 
========================================================================
Received Import Request.
  Time since last request: 0.869050 seconds.
  path: Assets/00_Scenes/Juego.unity
  artifactKey: Guid(544e1c6c7bd5ae94e86d278a645d60c8) Importer(815301076,1909f56bfc062723c751e8b465ee728b)
Start importing Assets/00_Scenes/Juego.unity using Guid(544e1c6c7bd5ae94e86d278a645d60c8) Importer(815301076,1909f56bfc062723c751e8b465ee728b)  -> (artifact id: '76b362ccb644682046fef55b139c5e89') in 0.001971 seconds 
AssetImportWorkerClient::OnTransportError - code=2 error=End of file
